<?xml version="1.0" encoding="UTF-8"?>
<testng-results ignored="0" total="1" passed="1" failed="0" skipped="0">
  <reporter-output>
  </reporter-output>
  <suite started-at="2021-04-24T23:49:48 BRT" name="Default suite" finished-at="2021-04-24T23:49:48 BRT" duration-ms="84">
    <groups>
    </groups>
    <test started-at="2021-04-24T23:49:48 BRT" name="Default test" finished-at="2021-04-24T23:49:48 BRT" duration-ms="84">
      <class name="test.NewTest">
        <test-method signature="f()[pri:0, instance:test.NewTest@778d1062]" started-at="2021-04-24T23:49:48 BRT" name="f" finished-at="2021-04-24T23:49:48 BRT" duration-ms="17" status="PASS">
          <reporter-output>
          </reporter-output>
        </test-method> <!-- f -->
      </class> <!-- test.NewTest -->
    </test> <!-- Default test -->
  </suite> <!-- Default suite -->
</testng-results>
